This file contains any messages produced by compilers while
running configure, to aid debugging if configure makes a mistake.

It was created by l1_logreg configure 0.8.2, which was
generated by GNU Autoconf 2.61.  Invocation command line was

  $ ./configure 

## --------- ##
## Platform. ##
## --------- ##

hostname = monet
uname -m = x86_64
uname -r = 3.2.0-35-generic
uname -s = Linux
uname -v = #55-Ubuntu SMP Wed Dec 5 17:42:16 UTC 2012

/usr/bin/uname -p = unknown
/bin/uname -X     = unknown

/bin/arch              = unknown
/usr/bin/arch -k       = unknown
/usr/convex/getsysinfo = unknown
/usr/bin/hostinfo      = unknown
/bin/machine           = unknown
/usr/bin/oslevel       = unknown
/bin/universe          = unknown

PATH: /usr/local/heroku/bin
PATH: ./x86_64
PATH: /Network/Servers/monet/Volumes/monet/bharath/USC_Code/ARM/sl-ros-pkg/sl_base/prog/bin/x86_64
PATH: /Network/Servers/monet/Volumes/monet/bharath/USC_Code/ARM/sl-ros-pkg/sl_base/prog/bin/x86_64
PATH: .
PATH: /opt/ros/fuerte/bin
PATH: /usr/lib/lightdm/lightdm
PATH: /usr/local/sbin
PATH: /usr/local/bin
PATH: /usr/sbin
PATH: /usr/bin
PATH: /sbin
PATH: /bin
PATH: /usr/games


## ----------- ##
## Core tests. ##
## ----------- ##

configure:1825: checking for a BSD-compatible install
configure:1881: result: /usr/bin/install -c
configure:1892: checking whether build environment is sane
configure:1935: result: yes
configure:1963: checking for a thread-safe mkdir -p
configure:2002: result: /bin/mkdir -p
configure:2015: checking for gawk
configure:2045: result: no
configure:2015: checking for mawk
configure:2031: found /usr/bin/mawk
configure:2042: result: mawk
configure:2053: checking whether make sets $(MAKE)
configure:2074: result: yes
configure:2265: checking whether to link statically
configure:2275: result: no
configure:2285: checking whether to use fortran compiler
configure:2295: result: no
configure:2304: checking build system type
configure:2322: result: x86_64-unknown-linux-gnu
configure:2344: checking host system type
configure:2359: result: x86_64-unknown-linux-gnu
configure:2489: checking for gcc
configure:2505: found /usr/bin/gcc
configure:2516: result: gcc
configure:2552: checking for C compiler version
configure:2559: gcc --version >&5
gcc (Ubuntu/Linaro 4.6.3-1ubuntu5) 4.6.3
Copyright (C) 2011 Free Software Foundation, Inc.
This is free software; see the source for copying conditions.  There is NO
warranty; not even for MERCHANTABILITY or FITNESS FOR A PARTICULAR PURPOSE.

configure:2562: $? = 0
configure:2569: gcc -v >&5
Using built-in specs.
COLLECT_GCC=gcc
COLLECT_LTO_WRAPPER=/usr/lib/gcc/x86_64-linux-gnu/4.6/lto-wrapper
Target: x86_64-linux-gnu
Configured with: ../src/configure -v --with-pkgversion='Ubuntu/Linaro 4.6.3-1ubuntu5' --with-bugurl=file:///usr/share/doc/gcc-4.6/README.Bugs --enable-languages=c,c++,fortran,objc,obj-c++ --prefix=/usr --program-suffix=-4.6 --enable-shared --enable-linker-build-id --with-system-zlib --libexecdir=/usr/lib --without-included-gettext --enable-threads=posix --with-gxx-include-dir=/usr/include/c++/4.6 --libdir=/usr/lib --enable-nls --with-sysroot=/ --enable-clocale=gnu --enable-libstdcxx-debug --enable-libstdcxx-time=yes --enable-gnu-unique-object --enable-plugin --enable-objc-gc --disable-werror --with-arch-32=i686 --with-tune=generic --enable-checking=release --build=x86_64-linux-gnu --host=x86_64-linux-gnu --target=x86_64-linux-gnu
Thread model: posix
gcc version 4.6.3 (Ubuntu/Linaro 4.6.3-1ubuntu5) 
configure:2572: $? = 0
configure:2579: gcc -V >&5
gcc: error: unrecognized option '-V'
gcc: fatal error: no input files
compilation terminated.
configure:2582: $? = 4
configure:2605: checking for C compiler default output file name
configure:2632: gcc    conftest.c  >&5
configure:2635: $? = 0
configure:2673: result: a.out
configure:2690: checking whether the C compiler works
configure:2700: ./a.out
configure:2703: $? = 0
configure:2720: result: yes
configure:2727: checking whether we are cross compiling
configure:2729: result: no
configure:2732: checking for suffix of executables
configure:2739: gcc -o conftest    conftest.c  >&5
configure:2742: $? = 0
configure:2766: result: 
configure:2772: checking for suffix of object files
configure:2798: gcc -c   conftest.c >&5
configure:2801: $? = 0
configure:2824: result: o
configure:2828: checking whether we are using the GNU C compiler
configure:2857: gcc -c   conftest.c >&5
configure:2863: $? = 0
configure:2880: result: yes
configure:2885: checking whether gcc accepts -g
configure:2915: gcc -c -g  conftest.c >&5
configure:2921: $? = 0
configure:3020: result: yes
configure:3037: checking for gcc option to accept ISO C89
configure:3111: gcc  -c -g -O2  conftest.c >&5
configure:3117: $? = 0
configure:3140: result: none needed
configure:3169: checking for style of include used by make
configure:3197: result: GNU
configure:3222: checking dependency style of gcc
configure:3313: result: gcc3
configure:3330: checking for C compiler vendor
configure:3364: gcc -c -g -O2  conftest.c >&5
conftest.c: In function 'main':
conftest.c:16:7: error: 'thisisanerror' undeclared (first use in this function)
conftest.c:16:7: note: each undeclared identifier is reported only once for each function it appears in
configure:3370: $? = 1
configure: failed program was:
| /* confdefs.h.  */
| #define PACKAGE_NAME "l1_logreg"
| #define PACKAGE_TARNAME "l1_logreg"
| #define PACKAGE_VERSION "0.8.2"
| #define PACKAGE_STRING "l1_logreg 0.8.2"
| #define PACKAGE_BUGREPORT "deneb1@stanford.edu"
| #define PACKAGE "l1_logreg"
| #define VERSION "0.8.2"
| /* end confdefs.h.  */
| 
| int
| main ()
| {
| 
| #if !(defined(__ICC) || defined(__ECC) || defined(__INTEL_COMPILER))
|       thisisanerror;
| #endif
| 
|   ;
|   return 0;
| }
configure:3364: gcc -c -g -O2  conftest.c >&5
conftest.c: In function 'main':
conftest.c:16:7: error: 'thisisanerror' undeclared (first use in this function)
conftest.c:16:7: note: each undeclared identifier is reported only once for each function it appears in
configure:3370: $? = 1
configure: failed program was:
| /* confdefs.h.  */
| #define PACKAGE_NAME "l1_logreg"
| #define PACKAGE_TARNAME "l1_logreg"
| #define PACKAGE_VERSION "0.8.2"
| #define PACKAGE_STRING "l1_logreg 0.8.2"
| #define PACKAGE_BUGREPORT "deneb1@stanford.edu"
| #define PACKAGE "l1_logreg"
| #define VERSION "0.8.2"
| /* end confdefs.h.  */
| 
| int
| main ()
| {
| 
| #if !(defined(__xlc__) || defined(__xlC__) || defined(__IBMC__) || defined(__IBMCPP__))
|       thisisanerror;
| #endif
| 
|   ;
|   return 0;
| }
configure:3364: gcc -c -g -O2  conftest.c >&5
configure:3370: $? = 0
configure:3387: result: gnu
configure:3750: checking whether C compiler accepts -malign-double
configure:3779: gcc -c -malign-double  conftest.c >&5
configure:3785: $? = 0
configure:3803: result: yes
configure:3813: checking whether C compiler accepts -fstrict-aliasing
configure:3842: gcc -c -fstrict-aliasing  conftest.c >&5
configure:3848: $? = 0
configure:3866: result: yes
configure:3876: checking whether C compiler accepts -ffast-math
configure:3905: gcc -c -ffast-math  conftest.c >&5
configure:3911: $? = 0
configure:3929: result: yes
configure:3950: checking for gcc architecture flag
configure:3952: result: 
configure:3974: checking for x86 cpuid 0 output
configure:4013: gcc -o conftest -O3 -fomit-frame-pointer -malign-double -fstrict-aliasing -ffast-math   conftest.c  >&5
configure:4016: $? = 0
configure:4022: ./conftest
configure:4025: $? = 0
configure:4041: result: b:756e6547:6c65746e:49656e69
configure:4057: checking for x86 cpuid 1 output
configure:4096: gcc -o conftest -O3 -fomit-frame-pointer -malign-double -fstrict-aliasing -ffast-math   conftest.c  >&5
configure:4099: $? = 0
configure:4105: ./conftest
configure:4108: $? = 0
configure:4124: result: 106e5:7100800:98e3fd:bfebfbff
configure:4367: checking whether C compiler accepts -march=pentium-m
configure:4392: gcc -c -march=pentium-m  conftest.c >&5
conftest.c:1:0: error: CPU you selected does not support x86-64 instruction set
conftest.c:1:0: error: CPU you selected does not support x86-64 instruction set
configure:4398: $? = 1
configure: failed program was:
| /* confdefs.h.  */
| #define PACKAGE_NAME "l1_logreg"
| #define PACKAGE_TARNAME "l1_logreg"
| #define PACKAGE_VERSION "0.8.2"
| #define PACKAGE_STRING "l1_logreg 0.8.2"
| #define PACKAGE_BUGREPORT "deneb1@stanford.edu"
| #define PACKAGE "l1_logreg"
| #define VERSION "0.8.2"
| /* end confdefs.h.  */
| 
| int
| main ()
| {
| 
|   ;
|   return 0;
| }
configure:4414: result: no
configure:4367: checking whether C compiler accepts -mcpu=pentium-m
configure:4392: gcc -c -mcpu=pentium-m  conftest.c >&5
gcc: warning: '-mcpu=' is deprecated; use '-mtune=' or '-march=' instead
conftest.c:1:0: error: CPU you selected does not support x86-64 instruction set
configure:4398: $? = 1
configure: failed program was:
| /* confdefs.h.  */
| #define PACKAGE_NAME "l1_logreg"
| #define PACKAGE_TARNAME "l1_logreg"
| #define PACKAGE_VERSION "0.8.2"
| #define PACKAGE_STRING "l1_logreg 0.8.2"
| #define PACKAGE_BUGREPORT "deneb1@stanford.edu"
| #define PACKAGE "l1_logreg"
| #define VERSION "0.8.2"
| /* end confdefs.h.  */
| 
| int
| main ()
| {
| 
|   ;
|   return 0;
| }
configure:4414: result: no
configure:4367: checking whether C compiler accepts -mpentium-m
configure:4392: gcc -c -mpentium-m  conftest.c >&5
cc1: error: unrecognized command line option '-mpentium-m'
configure:4398: $? = 1
configure: failed program was:
| /* confdefs.h.  */
| #define PACKAGE_NAME "l1_logreg"
| #define PACKAGE_TARNAME "l1_logreg"
| #define PACKAGE_VERSION "0.8.2"
| #define PACKAGE_STRING "l1_logreg 0.8.2"
| #define PACKAGE_BUGREPORT "deneb1@stanford.edu"
| #define PACKAGE "l1_logreg"
| #define VERSION "0.8.2"
| /* end confdefs.h.  */
| 
| int
| main ()
| {
| 
|   ;
|   return 0;
| }
configure:4414: result: no
configure:4367: checking whether C compiler accepts -march=pentium3
configure:4392: gcc -c -march=pentium3  conftest.c >&5
conftest.c:1:0: error: CPU you selected does not support x86-64 instruction set
conftest.c:1:0: error: CPU you selected does not support x86-64 instruction set
configure:4398: $? = 1
configure: failed program was:
| /* confdefs.h.  */
| #define PACKAGE_NAME "l1_logreg"
| #define PACKAGE_TARNAME "l1_logreg"
| #define PACKAGE_VERSION "0.8.2"
| #define PACKAGE_STRING "l1_logreg 0.8.2"
| #define PACKAGE_BUGREPORT "deneb1@stanford.edu"
| #define PACKAGE "l1_logreg"
| #define VERSION "0.8.2"
| /* end confdefs.h.  */
| 
| int
| main ()
| {
| 
|   ;
|   return 0;
| }
configure:4414: result: no
configure:4367: checking whether C compiler accepts -mcpu=pentium3
configure:4392: gcc -c -mcpu=pentium3  conftest.c >&5
gcc: warning: '-mcpu=' is deprecated; use '-mtune=' or '-march=' instead
conftest.c:1:0: error: CPU you selected does not support x86-64 instruction set
configure:4398: $? = 1
configure: failed program was:
| /* confdefs.h.  */
| #define PACKAGE_NAME "l1_logreg"
| #define PACKAGE_TARNAME "l1_logreg"
| #define PACKAGE_VERSION "0.8.2"
| #define PACKAGE_STRING "l1_logreg 0.8.2"
| #define PACKAGE_BUGREPORT "deneb1@stanford.edu"
| #define PACKAGE "l1_logreg"
| #define VERSION "0.8.2"
| /* end confdefs.h.  */
| 
| int
| main ()
| {
| 
|   ;
|   return 0;
| }
configure:4414: result: no
configure:4367: checking whether C compiler accepts -mpentium3
configure:4392: gcc -c -mpentium3  conftest.c >&5
cc1: error: unrecognized command line option '-mpentium3'
configure:4398: $? = 1
configure: failed program was:
| /* confdefs.h.  */
| #define PACKAGE_NAME "l1_logreg"
| #define PACKAGE_TARNAME "l1_logreg"
| #define PACKAGE_VERSION "0.8.2"
| #define PACKAGE_STRING "l1_logreg 0.8.2"
| #define PACKAGE_BUGREPORT "deneb1@stanford.edu"
| #define PACKAGE "l1_logreg"
| #define VERSION "0.8.2"
| /* end confdefs.h.  */
| 
| int
| main ()
| {
| 
|   ;
|   return 0;
| }
configure:4414: result: no
configure:4367: checking whether C compiler accepts -march=pentiumpro
configure:4392: gcc -c -march=pentiumpro  conftest.c >&5
conftest.c:1:0: error: CPU you selected does not support x86-64 instruction set
conftest.c:1:0: error: CPU you selected does not support x86-64 instruction set
configure:4398: $? = 1
configure: failed program was:
| /* confdefs.h.  */
| #define PACKAGE_NAME "l1_logreg"
| #define PACKAGE_TARNAME "l1_logreg"
| #define PACKAGE_VERSION "0.8.2"
| #define PACKAGE_STRING "l1_logreg 0.8.2"
| #define PACKAGE_BUGREPORT "deneb1@stanford.edu"
| #define PACKAGE "l1_logreg"
| #define VERSION "0.8.2"
| /* end confdefs.h.  */
| 
| int
| main ()
| {
| 
|   ;
|   return 0;
| }
configure:4414: result: no
configure:4367: checking whether C compiler accepts -mcpu=pentiumpro
configure:4392: gcc -c -mcpu=pentiumpro  conftest.c >&5
gcc: warning: '-mcpu=' is deprecated; use '-mtune=' or '-march=' instead
conftest.c:1:0: error: CPU you selected does not support x86-64 instruction set
configure:4398: $? = 1
configure: failed program was:
| /* confdefs.h.  */
| #define PACKAGE_NAME "l1_logreg"
| #define PACKAGE_TARNAME "l1_logreg"
| #define PACKAGE_VERSION "0.8.2"
| #define PACKAGE_STRING "l1_logreg 0.8.2"
| #define PACKAGE_BUGREPORT "deneb1@stanford.edu"
| #define PACKAGE "l1_logreg"
| #define VERSION "0.8.2"
| /* end confdefs.h.  */
| 
| int
| main ()
| {
| 
|   ;
|   return 0;
| }
configure:4414: result: no
configure:4367: checking whether C compiler accepts -mpentiumpro
configure:4392: gcc -c -mpentiumpro  conftest.c >&5
cc1: error: unrecognized command line option '-mpentiumpro'
configure:4398: $? = 1
configure: failed program was:
| /* confdefs.h.  */
| #define PACKAGE_NAME "l1_logreg"
| #define PACKAGE_TARNAME "l1_logreg"
| #define PACKAGE_VERSION "0.8.2"
| #define PACKAGE_STRING "l1_logreg 0.8.2"
| #define PACKAGE_BUGREPORT "deneb1@stanford.edu"
| #define PACKAGE "l1_logreg"
| #define VERSION "0.8.2"
| /* end confdefs.h.  */
| 
| int
| main ()
| {
| 
|   ;
|   return 0;
| }
configure:4414: result: no
configure:4431: checking for gcc architecture flag
configure:4433: result: unknown
configure:4455: checking whether C compiler accepts -O3 -fomit-frame-pointer -malign-double -fstrict-aliasing -ffast-math
configure:4480: gcc -c -O3 -fomit-frame-pointer -malign-double -fstrict-aliasing -ffast-math  conftest.c >&5
configure:4486: $? = 0
configure:4502: result: yes
configure:5658: checking for sqrt in -lm
configure:5701: gcc -o conftest -O3 -fomit-frame-pointer -malign-double -fstrict-aliasing -ffast-math   conftest.c -lm   >&5
conftest.c:17:6: warning: conflicting types for built-in function 'sqrt' [enabled by default]
configure:5707: $? = 0
configure:5725: result: yes
configure:5737: checking for main in -lg2c
configure:5774: gcc -o conftest -O3 -fomit-frame-pointer -malign-double -fstrict-aliasing -ffast-math   conftest.c -lg2c  -lm  >&5
/usr/bin/ld: cannot find -lg2c
collect2: ld returned 1 exit status
configure:5780: $? = 1
configure: failed program was:
| /* confdefs.h.  */
| #define PACKAGE_NAME "l1_logreg"
| #define PACKAGE_TARNAME "l1_logreg"
| #define PACKAGE_VERSION "0.8.2"
| #define PACKAGE_STRING "l1_logreg 0.8.2"
| #define PACKAGE_BUGREPORT "deneb1@stanford.edu"
| #define PACKAGE "l1_logreg"
| #define VERSION "0.8.2"
| #define HAVE_LIBM 1
| /* end confdefs.h.  */
| 
| 
| #ifdef F77_DUMMY_MAIN
| 
| #  ifdef __cplusplus
|      extern "C"
| #  endif
|    int F77_DUMMY_MAIN() { return 1; }
| 
| #endif
| int
| main ()
| {
| return main ();
|   ;
|   return 0;
| }
configure:5798: result: no
configure:5810: checking for main in -lgfortran
configure:5847: gcc -o conftest -O3 -fomit-frame-pointer -malign-double -fstrict-aliasing -ffast-math   conftest.c -lgfortran  -lm  >&5
/usr/bin/ld: cannot find -lgfortran
collect2: ld returned 1 exit status
configure:5853: $? = 1
configure: failed program was:
| /* confdefs.h.  */
| #define PACKAGE_NAME "l1_logreg"
| #define PACKAGE_TARNAME "l1_logreg"
| #define PACKAGE_VERSION "0.8.2"
| #define PACKAGE_STRING "l1_logreg 0.8.2"
| #define PACKAGE_BUGREPORT "deneb1@stanford.edu"
| #define PACKAGE "l1_logreg"
| #define VERSION "0.8.2"
| #define HAVE_LIBM 1
| /* end confdefs.h.  */
| 
| 
| #ifdef F77_DUMMY_MAIN
| 
| #  ifdef __cplusplus
|      extern "C"
| #  endif
|    int F77_DUMMY_MAIN() { return 1; }
| 
| #endif
| int
| main ()
| {
| return main ();
|   ;
|   return 0;
| }
configure:5871: result: no
configure:6010: checking for sqrt in -lm
configure:6077: result: yes
configure:6085: checking for main in -lg2c
configure:6146: result: no
configure:6154: checking for main in -lgfortran
configure:6215: result: no
configure:6296: checking for builtin sgemm_
configure:6334: gcc -o conftest -O3 -fomit-frame-pointer -malign-double -fstrict-aliasing -ffast-math   conftest.c -lm  >&5
/tmp/ccFBzdwv.o: In function `main':
conftest.c:(.text.startup+0x7): undefined reference to `sgemm_'
collect2: ld returned 1 exit status
configure:6340: $? = 1
configure: failed program was:
| /* confdefs.h.  */
| #define PACKAGE_NAME "l1_logreg"
| #define PACKAGE_TARNAME "l1_logreg"
| #define PACKAGE_VERSION "0.8.2"
| #define PACKAGE_STRING "l1_logreg 0.8.2"
| #define PACKAGE_BUGREPORT "deneb1@stanford.edu"
| #define PACKAGE "l1_logreg"
| #define VERSION "0.8.2"
| #define HAVE_LIBM 1
| /* end confdefs.h.  */
| 
| /* Override any GCC internal prototype to avoid an error.
|    Use char because int might match the return type of a GCC
|    builtin and then its argument prototype would still apply.  */
| #ifdef __cplusplus
| extern "C"
| #endif
| char sgemm_ ();
| #ifdef F77_DUMMY_MAIN
| 
| #  ifdef __cplusplus
|      extern "C"
| #  endif
|    int F77_DUMMY_MAIN() { return 1; }
| 
| #endif
| int
| main ()
| {
| return sgemm_ ();
|   ;
|   return 0;
| }
configure:6356: result: no
configure:6366: ----- Intel MKL dynamic
configure:6372: checking for sgemm_ in -lmkl
configure:6415: gcc -o conftest -O3 -fomit-frame-pointer -malign-double -fstrict-aliasing -ffast-math   conftest.c -lmkl  -lguide -lpthread -lm -lm  >&5
/usr/bin/ld: cannot find -lmkl
/usr/bin/ld: cannot find -lguide
collect2: ld returned 1 exit status
configure:6421: $? = 1
configure: failed program was:
| /* confdefs.h.  */
| #define PACKAGE_NAME "l1_logreg"
| #define PACKAGE_TARNAME "l1_logreg"
| #define PACKAGE_VERSION "0.8.2"
| #define PACKAGE_STRING "l1_logreg 0.8.2"
| #define PACKAGE_BUGREPORT "deneb1@stanford.edu"
| #define PACKAGE "l1_logreg"
| #define VERSION "0.8.2"
| #define HAVE_LIBM 1
| /* end confdefs.h.  */
| 
| /* Override any GCC internal prototype to avoid an error.
|    Use char because int might match the return type of a GCC
|    builtin and then its argument prototype would still apply.  */
| #ifdef __cplusplus
| extern "C"
| #endif
| char sgemm_ ();
| #ifdef F77_DUMMY_MAIN
| 
| #  ifdef __cplusplus
|      extern "C"
| #  endif
|    int F77_DUMMY_MAIN() { return 1; }
| 
| #endif
| int
| main ()
| {
| return sgemm_ ();
|   ;
|   return 0;
| }
configure:6440: result: no
configure:6703: ----- ACML dynamic
configure:6706: checking for sgemm_ in -lacml
configure:6749: gcc -o conftest -O3 -fomit-frame-pointer -malign-double -fstrict-aliasing -ffast-math   conftest.c -lacml  -lm  >&5
/usr/bin/ld: cannot find -lacml
collect2: ld returned 1 exit status
configure:6755: $? = 1
configure: failed program was:
| /* confdefs.h.  */
| #define PACKAGE_NAME "l1_logreg"
| #define PACKAGE_TARNAME "l1_logreg"
| #define PACKAGE_VERSION "0.8.2"
| #define PACKAGE_STRING "l1_logreg 0.8.2"
| #define PACKAGE_BUGREPORT "deneb1@stanford.edu"
| #define PACKAGE "l1_logreg"
| #define VERSION "0.8.2"
| #define HAVE_LIBM 1
| /* end confdefs.h.  */
| 
| /* Override any GCC internal prototype to avoid an error.
|    Use char because int might match the return type of a GCC
|    builtin and then its argument prototype would still apply.  */
| #ifdef __cplusplus
| extern "C"
| #endif
| char sgemm_ ();
| #ifdef F77_DUMMY_MAIN
| 
| #  ifdef __cplusplus
|      extern "C"
| #  endif
|    int F77_DUMMY_MAIN() { return 1; }
| 
| #endif
| int
| main ()
| {
| return sgemm_ ();
|   ;
|   return 0;
| }
configure:6774: result: no
configure:6954: ----- ATLAS
configure:6957: checking for sgemm_ in -lf77blas
configure:7000: gcc -o conftest -O3 -fomit-frame-pointer -malign-double -fstrict-aliasing -ffast-math   conftest.c -lf77blas -latlas -lm  >&5
/usr/bin/ld: cannot find -lf77blas
/usr/bin/ld: cannot find -latlas
collect2: ld returned 1 exit status
configure:7006: $? = 1
configure: failed program was:
| /* confdefs.h.  */
| #define PACKAGE_NAME "l1_logreg"
| #define PACKAGE_TARNAME "l1_logreg"
| #define PACKAGE_VERSION "0.8.2"
| #define PACKAGE_STRING "l1_logreg 0.8.2"
| #define PACKAGE_BUGREPORT "deneb1@stanford.edu"
| #define PACKAGE "l1_logreg"
| #define VERSION "0.8.2"
| #define HAVE_LIBM 1
| /* end confdefs.h.  */
| 
| /* Override any GCC internal prototype to avoid an error.
|    Use char because int might match the return type of a GCC
|    builtin and then its argument prototype would still apply.  */
| #ifdef __cplusplus
| extern "C"
| #endif
| char sgemm_ ();
| #ifdef F77_DUMMY_MAIN
| 
| #  ifdef __cplusplus
|      extern "C"
| #  endif
|    int F77_DUMMY_MAIN() { return 1; }
| 
| #endif
| int
| main ()
| {
| return sgemm_ ();
|   ;
|   return 0;
| }
configure:7025: result: no
configure:7038: ----- HP MLIB
configure:7041: checking for sgemm_ in -lveclib
configure:7084: gcc -o conftest -O3 -fomit-frame-pointer -malign-double -fstrict-aliasing -ffast-math   conftest.c -lveclib  -lm  >&5
/usr/bin/ld: cannot find -lveclib
collect2: ld returned 1 exit status
configure:7090: $? = 1
configure: failed program was:
| /* confdefs.h.  */
| #define PACKAGE_NAME "l1_logreg"
| #define PACKAGE_TARNAME "l1_logreg"
| #define PACKAGE_VERSION "0.8.2"
| #define PACKAGE_STRING "l1_logreg 0.8.2"
| #define PACKAGE_BUGREPORT "deneb1@stanford.edu"
| #define PACKAGE "l1_logreg"
| #define VERSION "0.8.2"
| #define HAVE_LIBM 1
| /* end confdefs.h.  */
| 
| /* Override any GCC internal prototype to avoid an error.
|    Use char because int might match the return type of a GCC
|    builtin and then its argument prototype would still apply.  */
| #ifdef __cplusplus
| extern "C"
| #endif
| char sgemm_ ();
| #ifdef F77_DUMMY_MAIN
| 
| #  ifdef __cplusplus
|      extern "C"
| #  endif
|    int F77_DUMMY_MAIN() { return 1; }
| 
| #endif
| int
| main ()
| {
| return sgemm_ ();
|   ;
|   return 0;
| }
configure:7109: result: no
configure:7121: ----- PhiPACK
configure:7124: checking for sgemm_ in -lblas
configure:7167: gcc -o conftest -O3 -fomit-frame-pointer -malign-double -fstrict-aliasing -ffast-math   conftest.c -lblas  -lm  >&5
configure:7173: $? = 0
configure:7192: result: yes
configure:7195: checking for dgemm in -ldgemm
configure:7238: gcc -o conftest -O3 -fomit-frame-pointer -malign-double -fstrict-aliasing -ffast-math   conftest.c -ldgemm -lblas -lm  >&5
/usr/bin/ld: cannot find -ldgemm
collect2: ld returned 1 exit status
configure:7244: $? = 1
configure: failed program was:
| /* confdefs.h.  */
| #define PACKAGE_NAME "l1_logreg"
| #define PACKAGE_TARNAME "l1_logreg"
| #define PACKAGE_VERSION "0.8.2"
| #define PACKAGE_STRING "l1_logreg 0.8.2"
| #define PACKAGE_BUGREPORT "deneb1@stanford.edu"
| #define PACKAGE "l1_logreg"
| #define VERSION "0.8.2"
| #define HAVE_LIBM 1
| /* end confdefs.h.  */
| 
| /* Override any GCC internal prototype to avoid an error.
|    Use char because int might match the return type of a GCC
|    builtin and then its argument prototype would still apply.  */
| #ifdef __cplusplus
| extern "C"
| #endif
| char dgemm ();
| #ifdef F77_DUMMY_MAIN
| 
| #  ifdef __cplusplus
|      extern "C"
| #  endif
|    int F77_DUMMY_MAIN() { return 1; }
| 
| #endif
| int
| main ()
| {
| return dgemm ();
|   ;
|   return 0;
| }
configure:7262: result: no
configure:7352: ----- Compaq CXML
configure:7355: checking for sgemm_ in -lcxml
configure:7398: gcc -o conftest -O3 -fomit-frame-pointer -malign-double -fstrict-aliasing -ffast-math   conftest.c -lcxml  -lm  >&5
/usr/bin/ld: cannot find -lcxml
collect2: ld returned 1 exit status
configure:7404: $? = 1
configure: failed program was:
| /* confdefs.h.  */
| #define PACKAGE_NAME "l1_logreg"
| #define PACKAGE_TARNAME "l1_logreg"
| #define PACKAGE_VERSION "0.8.2"
| #define PACKAGE_STRING "l1_logreg 0.8.2"
| #define PACKAGE_BUGREPORT "deneb1@stanford.edu"
| #define PACKAGE "l1_logreg"
| #define VERSION "0.8.2"
| #define HAVE_LIBM 1
| /* end confdefs.h.  */
| 
| /* Override any GCC internal prototype to avoid an error.
|    Use char because int might match the return type of a GCC
|    builtin and then its argument prototype would still apply.  */
| #ifdef __cplusplus
| extern "C"
| #endif
| char sgemm_ ();
| #ifdef F77_DUMMY_MAIN
| 
| #  ifdef __cplusplus
|      extern "C"
| #  endif
|    int F77_DUMMY_MAIN() { return 1; }
| 
| #endif
| int
| main ()
| {
| return sgemm_ ();
|   ;
|   return 0;
| }
configure:7423: result: no
configure:7434: checking for sgemm_ in -ldxml
configure:7477: gcc -o conftest -O3 -fomit-frame-pointer -malign-double -fstrict-aliasing -ffast-math   conftest.c -ldxml  -lm  >&5
/usr/bin/ld: cannot find -ldxml
collect2: ld returned 1 exit status
configure:7483: $? = 1
configure: failed program was:
| /* confdefs.h.  */
| #define PACKAGE_NAME "l1_logreg"
| #define PACKAGE_TARNAME "l1_logreg"
| #define PACKAGE_VERSION "0.8.2"
| #define PACKAGE_STRING "l1_logreg 0.8.2"
| #define PACKAGE_BUGREPORT "deneb1@stanford.edu"
| #define PACKAGE "l1_logreg"
| #define VERSION "0.8.2"
| #define HAVE_LIBM 1
| /* end confdefs.h.  */
| 
| /* Override any GCC internal prototype to avoid an error.
|    Use char because int might match the return type of a GCC
|    builtin and then its argument prototype would still apply.  */
| #ifdef __cplusplus
| extern "C"
| #endif
| char sgemm_ ();
| #ifdef F77_DUMMY_MAIN
| 
| #  ifdef __cplusplus
|      extern "C"
| #  endif
|    int F77_DUMMY_MAIN() { return 1; }
| 
| #endif
| int
| main ()
| {
| return sgemm_ ();
|   ;
|   return 0;
| }
configure:7502: result: no
configure:7673: ----- SGI/Cray
configure:7676: checking for sgemm_ in -lscs
configure:7719: gcc -o conftest -O3 -fomit-frame-pointer -malign-double -fstrict-aliasing -ffast-math   conftest.c -lscs  -lm  >&5
/usr/bin/ld: cannot find -lscs
collect2: ld returned 1 exit status
configure:7725: $? = 1
configure: failed program was:
| /* confdefs.h.  */
| #define PACKAGE_NAME "l1_logreg"
| #define PACKAGE_TARNAME "l1_logreg"
| #define PACKAGE_VERSION "0.8.2"
| #define PACKAGE_STRING "l1_logreg 0.8.2"
| #define PACKAGE_BUGREPORT "deneb1@stanford.edu"
| #define PACKAGE "l1_logreg"
| #define VERSION "0.8.2"
| #define HAVE_LIBM 1
| /* end confdefs.h.  */
| 
| /* Override any GCC internal prototype to avoid an error.
|    Use char because int might match the return type of a GCC
|    builtin and then its argument prototype would still apply.  */
| #ifdef __cplusplus
| extern "C"
| #endif
| char sgemm_ ();
| #ifdef F77_DUMMY_MAIN
| 
| #  ifdef __cplusplus
|      extern "C"
| #  endif
|    int F77_DUMMY_MAIN() { return 1; }
| 
| #endif
| int
| main ()
| {
| return sgemm_ ();
|   ;
|   return 0;
| }
configure:7744: result: no
configure:7757: ----- SGIMATH
configure:7760: checking for sgemm_ in -lcomplib.sgimath
configure:7803: gcc -o conftest -O3 -fomit-frame-pointer -malign-double -fstrict-aliasing -ffast-math   conftest.c -lcomplib.sgimath  -lm  >&5
/usr/bin/ld: cannot find -lcomplib.sgimath
collect2: ld returned 1 exit status
configure:7809: $? = 1
configure: failed program was:
| /* confdefs.h.  */
| #define PACKAGE_NAME "l1_logreg"
| #define PACKAGE_TARNAME "l1_logreg"
| #define PACKAGE_VERSION "0.8.2"
| #define PACKAGE_STRING "l1_logreg 0.8.2"
| #define PACKAGE_BUGREPORT "deneb1@stanford.edu"
| #define PACKAGE "l1_logreg"
| #define VERSION "0.8.2"
| #define HAVE_LIBM 1
| /* end confdefs.h.  */
| 
| /* Override any GCC internal prototype to avoid an error.
|    Use char because int might match the return type of a GCC
|    builtin and then its argument prototype would still apply.  */
| #ifdef __cplusplus
| extern "C"
| #endif
| char sgemm_ ();
| #ifdef F77_DUMMY_MAIN
| 
| #  ifdef __cplusplus
|      extern "C"
| #  endif
|    int F77_DUMMY_MAIN() { return 1; }
| 
| #endif
| int
| main ()
| {
| return sgemm_ ();
|   ;
|   return 0;
| }
configure:7828: result: no
configure:7841: ----- IBM ESSL
configure:7845: checking for sgemm_ in -lblas
configure:7913: result: yes
configure:7917: checking for sgemm_ in -lessl
configure:7960: gcc -o conftest -O3 -fomit-frame-pointer -malign-double -fstrict-aliasing -ffast-math   conftest.c -lessl -lblas -lm  >&5
/usr/bin/ld: cannot find -lessl
collect2: ld returned 1 exit status
configure:7966: $? = 1
configure: failed program was:
| /* confdefs.h.  */
| #define PACKAGE_NAME "l1_logreg"
| #define PACKAGE_TARNAME "l1_logreg"
| #define PACKAGE_VERSION "0.8.2"
| #define PACKAGE_STRING "l1_logreg 0.8.2"
| #define PACKAGE_BUGREPORT "deneb1@stanford.edu"
| #define PACKAGE "l1_logreg"
| #define VERSION "0.8.2"
| #define HAVE_LIBM 1
| /* end confdefs.h.  */
| 
| /* Override any GCC internal prototype to avoid an error.
|    Use char because int might match the return type of a GCC
|    builtin and then its argument prototype would still apply.  */
| #ifdef __cplusplus
| extern "C"
| #endif
| char sgemm_ ();
| #ifdef F77_DUMMY_MAIN
| 
| #  ifdef __cplusplus
|      extern "C"
| #  endif
|    int F77_DUMMY_MAIN() { return 1; }
| 
| #endif
| int
| main ()
| {
| return sgemm_ ();
|   ;
|   return 0;
| }
configure:7985: result: no
configure:8001: ----- Generic BLAS
configure:8005: checking for sgemm_ in -lblas
configure:8073: result: yes
configure:8381: checking for dsyev_ in -lmkl_lapack64
configure:8424: gcc -o conftest -O3 -fomit-frame-pointer -malign-double -fstrict-aliasing -ffast-math    conftest.c -lmkl_lapack64  -lblas -lm  >&5
/usr/bin/ld: cannot find -lmkl_lapack64
collect2: ld returned 1 exit status
configure:8430: $? = 1
configure: failed program was:
| /* confdefs.h.  */
| #define PACKAGE_NAME "l1_logreg"
| #define PACKAGE_TARNAME "l1_logreg"
| #define PACKAGE_VERSION "0.8.2"
| #define PACKAGE_STRING "l1_logreg 0.8.2"
| #define PACKAGE_BUGREPORT "deneb1@stanford.edu"
| #define PACKAGE "l1_logreg"
| #define VERSION "0.8.2"
| #define HAVE_LIBM 1
| #define HAVE_BLAS 1
| /* end confdefs.h.  */
| 
| /* Override any GCC internal prototype to avoid an error.
|    Use char because int might match the return type of a GCC
|    builtin and then its argument prototype would still apply.  */
| #ifdef __cplusplus
| extern "C"
| #endif
| char dsyev_ ();
| #ifdef F77_DUMMY_MAIN
| 
| #  ifdef __cplusplus
|      extern "C"
| #  endif
|    int F77_DUMMY_MAIN() { return 1; }
| 
| #endif
| int
| main ()
| {
| return dsyev_ ();
|   ;
|   return 0;
| }
configure:8449: result: no
configure:8542: checking for dsyev_ in BLAS library
configure:8580: gcc -o conftest -O3 -fomit-frame-pointer -malign-double -fstrict-aliasing -ffast-math    conftest.c -lblas -lm  >&5
/tmp/ccqUR6Fs.o: In function `main':
conftest.c:(.text.startup+0x7): undefined reference to `dsyev_'
collect2: ld returned 1 exit status
configure:8586: $? = 1
configure: failed program was:
| /* confdefs.h.  */
| #define PACKAGE_NAME "l1_logreg"
| #define PACKAGE_TARNAME "l1_logreg"
| #define PACKAGE_VERSION "0.8.2"
| #define PACKAGE_STRING "l1_logreg 0.8.2"
| #define PACKAGE_BUGREPORT "deneb1@stanford.edu"
| #define PACKAGE "l1_logreg"
| #define VERSION "0.8.2"
| #define HAVE_LIBM 1
| #define HAVE_BLAS 1
| /* end confdefs.h.  */
| 
| /* Override any GCC internal prototype to avoid an error.
|    Use char because int might match the return type of a GCC
|    builtin and then its argument prototype would still apply.  */
| #ifdef __cplusplus
| extern "C"
| #endif
| char dsyev_ ();
| #ifdef F77_DUMMY_MAIN
| 
| #  ifdef __cplusplus
|      extern "C"
| #  endif
|    int F77_DUMMY_MAIN() { return 1; }
| 
| #endif
| int
| main ()
| {
| return dsyev_ ();
|   ;
|   return 0;
| }
configure:8602: result: no
configure:8611: checking for dsyev_ in -llapack
configure:8654: gcc -o conftest -O3 -fomit-frame-pointer -malign-double -fstrict-aliasing -ffast-math    conftest.c -llapack  -lblas -lm  >&5
configure:8660: $? = 0
configure:8679: result: yes
configure:8794: checking how to run the C preprocessor
configure:8834: gcc -E  conftest.c
configure:8840: $? = 0
configure:8871: gcc -E  conftest.c
conftest.c:13:28: fatal error: ac_nonexistent.h: No such file or directory
compilation terminated.
configure:8877: $? = 1
configure: failed program was:
| /* confdefs.h.  */
| #define PACKAGE_NAME "l1_logreg"
| #define PACKAGE_TARNAME "l1_logreg"
| #define PACKAGE_VERSION "0.8.2"
| #define PACKAGE_STRING "l1_logreg 0.8.2"
| #define PACKAGE_BUGREPORT "deneb1@stanford.edu"
| #define PACKAGE "l1_logreg"
| #define VERSION "0.8.2"
| #define HAVE_LIBM 1
| #define HAVE_BLAS 1
| #define HAVE_LAPACK 1
| /* end confdefs.h.  */
| #include <ac_nonexistent.h>
configure:8910: result: gcc -E
configure:8939: gcc -E  conftest.c
configure:8945: $? = 0
configure:8976: gcc -E  conftest.c
conftest.c:13:28: fatal error: ac_nonexistent.h: No such file or directory
compilation terminated.
configure:8982: $? = 1
configure: failed program was:
| /* confdefs.h.  */
| #define PACKAGE_NAME "l1_logreg"
| #define PACKAGE_TARNAME "l1_logreg"
| #define PACKAGE_VERSION "0.8.2"
| #define PACKAGE_STRING "l1_logreg 0.8.2"
| #define PACKAGE_BUGREPORT "deneb1@stanford.edu"
| #define PACKAGE "l1_logreg"
| #define VERSION "0.8.2"
| #define HAVE_LIBM 1
| #define HAVE_BLAS 1
| #define HAVE_LAPACK 1
| /* end confdefs.h.  */
| #include <ac_nonexistent.h>
configure:9020: checking for grep that handles long lines and -e
configure:9094: result: /bin/grep
configure:9099: checking for egrep
configure:9177: result: /bin/grep -E
configure:9182: checking for ANSI C header files
configure:9220: gcc -c -O3 -fomit-frame-pointer -malign-double -fstrict-aliasing -ffast-math  conftest.c >&5
configure:9226: $? = 0
configure:9325: gcc -o conftest -O3 -fomit-frame-pointer -malign-double -fstrict-aliasing -ffast-math     conftest.c -llapack -lblas -lm   >&5
configure:9328: $? = 0
configure:9334: ./conftest
configure:9337: $? = 0
configure:9354: result: yes
configure:9378: checking for sys/types.h
configure:9399: gcc -c -O3 -fomit-frame-pointer -malign-double -fstrict-aliasing -ffast-math  conftest.c >&5
configure:9405: $? = 0
configure:9421: result: yes
configure:9378: checking for sys/stat.h
configure:9399: gcc -c -O3 -fomit-frame-pointer -malign-double -fstrict-aliasing -ffast-math  conftest.c >&5
configure:9405: $? = 0
configure:9421: result: yes
configure:9378: checking for stdlib.h
configure:9399: gcc -c -O3 -fomit-frame-pointer -malign-double -fstrict-aliasing -ffast-math  conftest.c >&5
configure:9405: $? = 0
configure:9421: result: yes
configure:9378: checking for string.h
configure:9399: gcc -c -O3 -fomit-frame-pointer -malign-double -fstrict-aliasing -ffast-math  conftest.c >&5
configure:9405: $? = 0
configure:9421: result: yes
configure:9378: checking for memory.h
configure:9399: gcc -c -O3 -fomit-frame-pointer -malign-double -fstrict-aliasing -ffast-math  conftest.c >&5
configure:9405: $? = 0
configure:9421: result: yes
configure:9378: checking for strings.h
configure:9399: gcc -c -O3 -fomit-frame-pointer -malign-double -fstrict-aliasing -ffast-math  conftest.c >&5
configure:9405: $? = 0
configure:9421: result: yes
configure:9378: checking for inttypes.h
configure:9399: gcc -c -O3 -fomit-frame-pointer -malign-double -fstrict-aliasing -ffast-math  conftest.c >&5
configure:9405: $? = 0
configure:9421: result: yes
configure:9378: checking for stdint.h
configure:9399: gcc -c -O3 -fomit-frame-pointer -malign-double -fstrict-aliasing -ffast-math  conftest.c >&5
configure:9405: $? = 0
configure:9421: result: yes
configure:9378: checking for unistd.h
configure:9399: gcc -c -O3 -fomit-frame-pointer -malign-double -fstrict-aliasing -ffast-math  conftest.c >&5
configure:9405: $? = 0
configure:9421: result: yes
configure:9454: checking float.h usability
configure:9471: gcc -c -O3 -fomit-frame-pointer -malign-double -fstrict-aliasing -ffast-math  conftest.c >&5
configure:9477: $? = 0
configure:9491: result: yes
configure:9495: checking float.h presence
configure:9510: gcc -E  conftest.c
configure:9516: $? = 0
configure:9530: result: yes
configure:9563: checking for float.h
configure:9571: result: yes
configure:9454: checking limits.h usability
configure:9471: gcc -c -O3 -fomit-frame-pointer -malign-double -fstrict-aliasing -ffast-math  conftest.c >&5
configure:9477: $? = 0
configure:9491: result: yes
configure:9495: checking limits.h presence
configure:9510: gcc -E  conftest.c
configure:9516: $? = 0
configure:9530: result: yes
configure:9563: checking for limits.h
configure:9571: result: yes
configure:9454: checking malloc.h usability
configure:9471: gcc -c -O3 -fomit-frame-pointer -malign-double -fstrict-aliasing -ffast-math  conftest.c >&5
configure:9477: $? = 0
configure:9491: result: yes
configure:9495: checking malloc.h presence
configure:9510: gcc -E  conftest.c
configure:9516: $? = 0
configure:9530: result: yes
configure:9563: checking for malloc.h
configure:9571: result: yes
configure:9444: checking for stdlib.h
configure:9450: result: yes
configure:9444: checking for string.h
configure:9450: result: yes
configure:9454: checking sys/time.h usability
configure:9471: gcc -c -O3 -fomit-frame-pointer -malign-double -fstrict-aliasing -ffast-math  conftest.c >&5
configure:9477: $? = 0
configure:9491: result: yes
configure:9495: checking sys/time.h presence
configure:9510: gcc -E  conftest.c
configure:9516: $? = 0
configure:9530: result: yes
configure:9563: checking for sys/time.h
configure:9571: result: yes
configure:9444: checking for unistd.h
configure:9450: result: yes
configure:9586: checking for an ANSI C-conforming const
configure:9669: gcc -c -O3 -fomit-frame-pointer -malign-double -fstrict-aliasing -ffast-math  conftest.c >&5
configure:9675: $? = 0
configure:9690: result: yes
configure:9700: checking whether time.h and sys/time.h may both be included
configure:9738: gcc -c -O3 -fomit-frame-pointer -malign-double -fstrict-aliasing -ffast-math  conftest.c >&5
configure:9744: $? = 0
configure:9759: result: yes
configure:9771: checking for error_at_line
configure:9805: gcc -o conftest -O3 -fomit-frame-pointer -malign-double -fstrict-aliasing -ffast-math     conftest.c -llapack -lblas -lm   >&5
configure:9811: $? = 0
configure:9828: result: yes
configure:9845: checking for sqrt
configure:9909: gcc -o conftest -O3 -fomit-frame-pointer -malign-double -fstrict-aliasing -ffast-math     conftest.c -llapack -lblas -lm   >&5
conftest.c:54:6: warning: conflicting types for built-in function 'sqrt' [enabled by default]
configure:9915: $? = 0
configure:9933: result: yes
configure:9845: checking for memset
configure:9909: gcc -o conftest -O3 -fomit-frame-pointer -malign-double -fstrict-aliasing -ffast-math     conftest.c -llapack -lblas -lm   >&5
conftest.c:55:6: warning: conflicting types for built-in function 'memset' [enabled by default]
configure:9915: $? = 0
configure:9933: result: yes
configure:9845: checking for memcpy
configure:9909: gcc -o conftest -O3 -fomit-frame-pointer -malign-double -fstrict-aliasing -ffast-math     conftest.c -llapack -lblas -lm   >&5
conftest.c:56:6: warning: conflicting types for built-in function 'memcpy' [enabled by default]
configure:9915: $? = 0
configure:9933: result: yes
configure:9948: checking for log1p
configure:10012: gcc -o conftest -O3 -fomit-frame-pointer -malign-double -fstrict-aliasing -ffast-math     conftest.c -llapack -lblas -lm   >&5
conftest.c:57:6: warning: conflicting types for built-in function 'log1p' [enabled by default]
configure:10018: $? = 0
configure:10036: result: yes
configure:9948: checking for gettimeofday
configure:10012: gcc -o conftest -O3 -fomit-frame-pointer -malign-double -fstrict-aliasing -ffast-math     conftest.c -llapack -lblas -lm   >&5
configure:10018: $? = 0
configure:10036: result: yes
configure:10051: checking for doxygen
configure:10067: found /usr/bin/doxygen
configure:10079: result: yes
configure:10221: creating ./config.status

## ---------------------- ##
## Running config.status. ##
## ---------------------- ##

This file was extended by l1_logreg config.status 0.8.2, which was
generated by GNU Autoconf 2.61.  Invocation command line was

  CONFIG_FILES    = 
  CONFIG_HEADERS  = 
  CONFIG_LINKS    = 
  CONFIG_COMMANDS = 
  $ ./config.status 

on monet

config.status:660: creating Makefile
config.status:660: creating src_c/Makefile
config.status:660: creating doc/Makefile
config.status:660: creating util_m/Makefile
config.status:660: creating examples/Makefile
config.status:660: creating src_c/config.h
config.status:949: executing depfiles commands
configure:11535: result:

------------------------------------------------------------------------------
l1_logreg-0.8.2 configuration:
------------------------------------------------------------------------------

System:
  - CPU ............... : pentiumpro
  - host type ......... : x86_64
  - vendor ............ : unknown
  - OS ................ : linux-gnu

External libs:
  - BLAS .............. : yes
  - LAPACK ............ : yes
                        : generic

Directories:
  - prefix ............ : /usr/local
  - exec_prefix ....... : ${prefix}
  - includedir ........ : ${prefix}/include


Compiler/linker flags libs:
  - CC ................ : gcc
  - F77 ............... : 
  - CFLAGS ............ : -O3 -fomit-frame-pointer -malign-double -fstrict-aliasing -ffast-math
  - LDFLAGS ........... :   
  - LIBS .............. : -llapack -lblas -lm  
  - FLIBS ............. : 

Build options:

  - with-static-linking : no
  - with-fortran        : no

------------------------------------------------------------------------------


Type 'make' to build binaries.



## ---------------- ##
## Cache variables. ##
## ---------------- ##

ac_cv_build=x86_64-unknown-linux-gnu
ac_cv_c_compiler_gnu=yes
ac_cv_c_const=yes
ac_cv_env_CC_set=
ac_cv_env_CC_value=
ac_cv_env_CFLAGS_set=
ac_cv_env_CFLAGS_value=
ac_cv_env_CPPFLAGS_set=
ac_cv_env_CPPFLAGS_value=
ac_cv_env_CPP_set=
ac_cv_env_CPP_value=
ac_cv_env_F77_set=
ac_cv_env_F77_value=
ac_cv_env_FFLAGS_set=
ac_cv_env_FFLAGS_value=
ac_cv_env_LDFLAGS_set=
ac_cv_env_LDFLAGS_value=
ac_cv_env_LIBS_set=
ac_cv_env_LIBS_value=
ac_cv_env_build_alias_set=
ac_cv_env_build_alias_value=
ac_cv_env_host_alias_set=
ac_cv_env_host_alias_value=
ac_cv_env_target_alias_set=
ac_cv_env_target_alias_value=
ac_cv_func_gettimeofday=yes
ac_cv_func_log1p=yes
ac_cv_func_memcpy=yes
ac_cv_func_memset=yes
ac_cv_func_sqrt=yes
ac_cv_header_float_h=yes
ac_cv_header_inttypes_h=yes
ac_cv_header_limits_h=yes
ac_cv_header_malloc_h=yes
ac_cv_header_memory_h=yes
ac_cv_header_stdc=yes
ac_cv_header_stdint_h=yes
ac_cv_header_stdlib_h=yes
ac_cv_header_string_h=yes
ac_cv_header_strings_h=yes
ac_cv_header_sys_stat_h=yes
ac_cv_header_sys_time_h=yes
ac_cv_header_sys_types_h=yes
ac_cv_header_time=yes
ac_cv_header_unistd_h=yes
ac_cv_host=x86_64-unknown-linux-gnu
ac_cv_lib_acml_sgemm_=no
ac_cv_lib_blas_sgemm_=yes
ac_cv_lib_complib_sgimath_sgemm_=no
ac_cv_lib_cxml_sgemm_=no
ac_cv_lib_dgemm_dgemm=no
ac_cv_lib_dxml_sgemm_=no
ac_cv_lib_error_at_line=yes
ac_cv_lib_essl_sgemm_=no
ac_cv_lib_f77blas_sgemm_=no
ac_cv_lib_g2c_main=no
ac_cv_lib_gfortran_main=no
ac_cv_lib_lapack_dsyev_=yes
ac_cv_lib_m_sqrt=yes
ac_cv_lib_mkl_lapack64_dsyev_=no
ac_cv_lib_mkl_sgemm_=no
ac_cv_lib_scs_sgemm_=no
ac_cv_lib_veclib_sgemm_=no
ac_cv_objext=o
ac_cv_path_EGREP='/bin/grep -E'
ac_cv_path_GREP=/bin/grep
ac_cv_path_install='/usr/bin/install -c'
ac_cv_path_mkdir=/bin/mkdir
ac_cv_prog_AWK=mawk
ac_cv_prog_CPP='gcc -E'
ac_cv_prog_ac_ct_CC=gcc
ac_cv_prog_cc_c89=
ac_cv_prog_cc_g=yes
ac_cv_prog_doxygen_ok=yes
ac_cv_prog_make_make_set=yes
am_cv_CC_dependencies_compiler_type=gcc3
ax_cv_c_compiler_vendor=gnu
ax_cv_c_flags__O3__fomit_frame_pointer__malign_double__fstrict_aliasing__ffast_math=yes
ax_cv_c_flags__ffast_math=yes
ax_cv_c_flags__fstrict_aliasing=yes
ax_cv_c_flags__malign_double=yes
ax_cv_c_flags__march_pentium3=no
ax_cv_c_flags__march_pentium_m=no
ax_cv_c_flags__march_pentiumpro=no
ax_cv_c_flags__mcpu_pentium3=no
ax_cv_c_flags__mcpu_pentium_m=no
ax_cv_c_flags__mcpu_pentiumpro=no
ax_cv_c_flags__mpentium3=no
ax_cv_c_flags__mpentium_m=no
ax_cv_c_flags__mpentiumpro=no
ax_cv_gcc_archflag=unknown
ax_cv_gcc_x86_cpuid_0=b:756e6547:6c65746e:49656e69
ax_cv_gcc_x86_cpuid_1=106e5:7100800:98e3fd:bfebfbff

## ----------------- ##
## Output variables. ##
## ----------------- ##

ACLOCAL='${SHELL} /Network/Servers/monet/Volumes/monet/bharath/USC_Code/RESEARCH/clutter_code/ekf_rl_matlab/src/l1_logreg-0.8.2/config/missing --run aclocal-1.10'
AMDEPBACKSLASH='\'
AMDEP_FALSE='#'
AMDEP_TRUE=''
AMTAR='${SHELL} /Network/Servers/monet/Volumes/monet/bharath/USC_Code/RESEARCH/clutter_code/ekf_rl_matlab/src/l1_logreg-0.8.2/config/missing --run tar'
AUTOCONF='${SHELL} /Network/Servers/monet/Volumes/monet/bharath/USC_Code/RESEARCH/clutter_code/ekf_rl_matlab/src/l1_logreg-0.8.2/config/missing --run autoconf'
AUTOHEADER='${SHELL} /Network/Servers/monet/Volumes/monet/bharath/USC_Code/RESEARCH/clutter_code/ekf_rl_matlab/src/l1_logreg-0.8.2/config/missing --run autoheader'
AUTOMAKE='${SHELL} /Network/Servers/monet/Volumes/monet/bharath/USC_Code/RESEARCH/clutter_code/ekf_rl_matlab/src/l1_logreg-0.8.2/config/missing --run automake-1.10'
AWK='mawk'
BLAS_LIBS='-lblas'
CC='gcc'
CCDEPMODE='depmode=gcc3'
CFLAGS='-O3 -fomit-frame-pointer -malign-double -fstrict-aliasing -ffast-math'
CPP='gcc -E'
CPPFLAGS=''
CYGPATH_W='echo'
DEFS='-DHAVE_CONFIG_H'
DEPDIR='.deps'
DOXYGEN_OK_FALSE='#'
DOXYGEN_OK_TRUE=''
ECHO_C=''
ECHO_N='-n'
ECHO_T=''
EGREP='/bin/grep -E'
EXEEXT=''
F77=''
FFLAGS=''
FLIBS=''
GREP='/bin/grep'
INSTALL_DATA='${INSTALL} -m 644'
INSTALL_PROGRAM='${INSTALL}'
INSTALL_SCRIPT='${INSTALL}'
INSTALL_STRIP_PROGRAM='$(install_sh) -c -s'
LAPACK_LIBS='-llapack'
LDFLAGS='  '
LIBOBJS=''
LIBS='-llapack -lblas -lm  '
LTLIBOBJS=''
MAKEINFO='${SHELL} /Network/Servers/monet/Volumes/monet/bharath/USC_Code/RESEARCH/clutter_code/ekf_rl_matlab/src/l1_logreg-0.8.2/config/missing --run makeinfo'
OBJEXT='o'
PACKAGE='l1_logreg'
PACKAGE_BUGREPORT='deneb1@stanford.edu'
PACKAGE_NAME='l1_logreg'
PACKAGE_STRING='l1_logreg 0.8.2'
PACKAGE_TARNAME='l1_logreg'
PACKAGE_VERSION='0.8.2'
PATH_SEPARATOR=':'
PRTDIAG=''
SET_MAKE=''
SHELL='/bin/bash'
STRIP=''
VERSION='0.8.2'
ac_ct_CC='gcc'
ac_ct_F77=''
am__fastdepCC_FALSE='#'
am__fastdepCC_TRUE=''
am__include='include'
am__isrc=''
am__leading_dot='.'
am__quote=''
am__tar='${AMTAR} chof - "$$tardir"'
am__untar='${AMTAR} xf -'
bindir='${exec_prefix}/bin'
build='x86_64-unknown-linux-gnu'
build_alias=''
build_cpu='x86_64'
build_os='linux-gnu'
build_vendor='unknown'
datadir='${datarootdir}'
datarootdir='${prefix}/share'
docdir='${datarootdir}/doc/${PACKAGE_TARNAME}'
doxygen_ok='yes'
dvidir='${docdir}'
exec_prefix='${prefix}'
host='x86_64-unknown-linux-gnu'
host_alias=''
host_cpu='x86_64'
host_os='linux-gnu'
host_vendor='unknown'
htmldir='${docdir}'
includedir='${prefix}/include'
infodir='${datarootdir}/info'
install_sh='$(SHELL) /Network/Servers/monet/Volumes/monet/bharath/USC_Code/RESEARCH/clutter_code/ekf_rl_matlab/src/l1_logreg-0.8.2/config/install-sh'
libdir='${exec_prefix}/lib'
libexecdir='${exec_prefix}/libexec'
localedir='${datarootdir}/locale'
localstatedir='${prefix}/var'
mandir='${datarootdir}/man'
mkdir_p='/bin/mkdir -p'
oldincludedir='/usr/include'
pdfdir='${docdir}'
prefix='/usr/local'
program_transform_name='s,x,x,'
psdir='${docdir}'
sbindir='${exec_prefix}/sbin'
sharedstatedir='${prefix}/com'
sysconfdir='${prefix}/etc'
target_alias=''

## ----------- ##
## confdefs.h. ##
## ----------- ##

#define PACKAGE_NAME "l1_logreg"
#define PACKAGE_TARNAME "l1_logreg"
#define PACKAGE_VERSION "0.8.2"
#define PACKAGE_STRING "l1_logreg 0.8.2"
#define PACKAGE_BUGREPORT "deneb1@stanford.edu"
#define PACKAGE "l1_logreg"
#define VERSION "0.8.2"
#define HAVE_LIBM 1
#define HAVE_BLAS 1
#define HAVE_LAPACK 1
#define STDC_HEADERS 1
#define HAVE_SYS_TYPES_H 1
#define HAVE_SYS_STAT_H 1
#define HAVE_STDLIB_H 1
#define HAVE_STRING_H 1
#define HAVE_MEMORY_H 1
#define HAVE_STRINGS_H 1
#define HAVE_INTTYPES_H 1
#define HAVE_STDINT_H 1
#define HAVE_UNISTD_H 1
#define HAVE_FLOAT_H 1
#define HAVE_LIMITS_H 1
#define HAVE_MALLOC_H 1
#define HAVE_STDLIB_H 1
#define HAVE_STRING_H 1
#define HAVE_SYS_TIME_H 1
#define HAVE_UNISTD_H 1
#define TIME_WITH_SYS_TIME 1
#define HAVE_SQRT 1
#define HAVE_MEMSET 1
#define HAVE_MEMCPY 1
#define HAVE_LOG1P 1
#define HAVE_GETTIMEOFDAY 1

configure: exit 0
